<?xml version="1.0" encoding="UTF-8"?>
<!-- Generated by org.testng.reporters.JUnitReportReporter -->
<testsuite skipped="0" hostname="DESKTOP-U4KUAV4" name="tests.TestCases" tests="1" failures="0" timestamp="16 Jun 2018 17:27:39 GMT" time="28.326" errors="0">
  <testcase name="TestCase1" time="28.326" classname="tests.TestCases"/>
</testsuite> <!-- tests.TestCases -->
