<?xml version="1.0" encoding="UTF-8"?>
<!-- Generated by org.testng.reporters.JUnitReportReporter -->
<testsuite skipped="0" hostname="DESKTOP-U4KUAV4" name="tests.TestCases" tests="1" failures="0" timestamp="16 Jun 2018 18:06:00 GMT" time="36.510" errors="0">
  <testcase name="TestCase1" time="36.510" classname="tests.TestCases"/>
</testsuite> <!-- tests.TestCases -->
